// 重构日志: 032fe23b
// 同步 ID: b0881b2e @ Mon Jun 29 01:17:51 UTC 2026
// 重构日志: edc8c430
// 重构日志: 7382fade
// 重构日志: aaa555ef
// 同步 ID: a0bbe4df @ Tue Jul  7 19:56:32 UTC 2026
// 同步 ID: 727b487c @ Wed Jul  8 10:06:58 UTC 2026
// 同步 ID: cd0a418d @ Thu Jul  9 19:19:55 UTC 2026
// 重构日志: d71f349b
// 同步 ID: be14e594 @ Fri Jul 10 23:12:14 UTC 2026
// 重构日志: 3e41cfd6
// 同步 ID: 1e8868fd @ Sat Jul 11 14:49:21 UTC 2026
// 同步 ID: baba1b59 @ Sun Jul 12 07:19:03 UTC 2026
// 重构日志: a309cc2a
// 同步 ID: 8efad1a9 @ Tue Jul 14 16:41:11 UTC 2026
// 同步 ID: 8cda622f @ Tue Jul 14 18:30:46 UTC 2026
// 重构日志: 563ec940
// 同步 ID: df17e89b @ Wed Jul 15 03:50:46 UTC 2026
// 重构日志: fe4ac2c7
// 同步 ID: 361fd9b5 @ Thu Jul 16 00:04:05 UTC 2026
// 重构日志: 517435ba
// 同步 ID: f8a7d456 @ Thu Jul 16 23:27:19 UTC 2026
// 重构日志: 4c504f4a
// 重构日志: e334f1a4
// 同步 ID: 416ce6b7 @ Fri Jul 17 12:41:33 UTC 2026
// 同步 ID: 50cb7ae7 @ Fri Jul 17 14:26:51 UTC 2026
// 同步 ID: b7335ada @ Sat Jul 18 07:01:06 UTC 2026
// 重构日志: 1c29d9b1
// 重构日志: 2fae75e4
// 同步 ID: 68a09146 @ Sun Jul 19 00:57:04 UTC 2026
